<?xml version="1.0" encoding="UTF-8"?>
<testng-results ignored="0" total="2" passed="2" failed="0" skipped="0">
  <reporter-output>
  </reporter-output>
  <suite started-at="2022-07-15T16:32:56 IST" name="Default suite" finished-at="2022-07-15T16:34:50 IST" duration-ms="113262">
    <groups>
    </groups>
    <test started-at="2022-07-15T16:32:56 IST" name="Default test" finished-at="2022-07-15T16:34:50 IST" duration-ms="113262">
      <class name="Academy.HomePage">
        <test-method signature="basePageNavigation(java.lang.String,java.lang.String)[pri:0, instance:Academy.HomePage@189aa67a]" started-at="2022-07-15T16:32:56 IST" name="basePageNavigation" data-provider="getData" finished-at="2022-07-15T16:33:51 IST" duration-ms="54634" status="PASS">
          <params>
            <param index="0">
              <value>
                <![CDATA[nonrestricted@gmail.com]]>
              </value>
            </param>
            <param index="1">
              <value>
                <![CDATA[12346]]>
              </value>
            </param>
          </params>
          <reporter-output>
          </reporter-output>
        </test-method> <!-- basePageNavigation -->
        <test-method signature="basePageNavigation(java.lang.String,java.lang.String)[pri:0, instance:Academy.HomePage@189aa67a]" started-at="2022-07-15T16:33:51 IST" name="basePageNavigation" data-provider="getData" finished-at="2022-07-15T16:34:49 IST" duration-ms="58137" status="PASS">
          <params>
            <param index="0">
              <value>
                <![CDATA[restricted@gmail.com]]>
              </value>
            </param>
            <param index="1">
              <value>
                <![CDATA[23467]]>
              </value>
            </param>
          </params>
          <reporter-output>
          </reporter-output>
        </test-method> <!-- basePageNavigation -->
        <test-method is-config="true" signature="testTearDown()[pri:0, instance:Academy.HomePage@189aa67a]" started-at="2022-07-15T16:34:49 IST" name="testTearDown" finished-at="2022-07-15T16:34:50 IST" duration-ms="410" status="PASS">
          <reporter-output>
          </reporter-output>
        </test-method> <!-- testTearDown -->
      </class> <!-- Academy.HomePage -->
    </test> <!-- Default test -->
  </suite> <!-- Default suite -->
</testng-results>
