<?xml version="1.0" encoding="UTF-8"?>
<testng-results ignored="0" total="2" passed="2" failed="0" skipped="0">
  <reporter-output>
  </reporter-output>
  <suite started-at="2024-10-30T21:39:02 IST" name="Suite" finished-at="2024-10-30T21:39:27 IST" duration-ms="25642">
    <groups>
    </groups>
    <test started-at="2024-10-30T21:39:02 IST" name="Test" finished-at="2024-10-30T21:39:27 IST" duration-ms="25642">
      <class name="Academy.HomePage">
        <test-method signature="basePageNavigation(java.lang.String,java.lang.String)[pri:0, instance:Academy.HomePage@25230246]" started-at="2024-10-30T21:39:02 IST" name="basePageNavigation" data-provider="getData" finished-at="2024-10-30T21:39:18 IST" duration-ms="15872" status="PASS">
          <params>
            <param index="0">
              <value>
                <![CDATA[standard_user]]>
              </value>
            </param>
            <param index="1">
              <value>
                <![CDATA[secret_sauce]]>
              </value>
            </param>
          </params>
          <reporter-output>
          </reporter-output>
        </test-method> <!-- basePageNavigation -->
        <test-method signature="basePageNavigation(java.lang.String,java.lang.String)[pri:0, instance:Academy.HomePage@25230246]" started-at="2024-10-30T21:39:18 IST" name="basePageNavigation" data-provider="getData" finished-at="2024-10-30T21:39:27 IST" duration-ms="8620" status="PASS">
          <params>
            <param index="0">
              <value>
                <![CDATA[locked_out_user]]>
              </value>
            </param>
            <param index="1">
              <value>
                <![CDATA[secret_sauce]]>
              </value>
            </param>
          </params>
          <reporter-output>
          </reporter-output>
        </test-method> <!-- basePageNavigation -->
        <test-method is-config="true" signature="testTearDown()[pri:0, instance:Academy.HomePage@25230246]" started-at="2024-10-30T21:39:27 IST" name="testTearDown" finished-at="2024-10-30T21:39:27 IST" duration-ms="433" status="PASS">
          <reporter-output>
          </reporter-output>
        </test-method> <!-- testTearDown -->
      </class> <!-- Academy.HomePage -->
    </test> <!-- Test -->
  </suite> <!-- Suite -->
</testng-results>
